2026-06-10 13:22:50,079 [INFO] (nitrostack): Executing calculation: 12.5 add 3.5
2026-06-10 13:23:13,039 [INFO] (nitrostack): Executing calculation: 12.5 add 3.5
2026-06-10 13:23:13,044 [INFO] (nitrostack): Executing calculation: 10.0 divide 0.0
2026-06-10 13:23:13,046 [INFO] (nitrostack): Converting temperature: 100.0 from celsius to fahrenheit
2026-06-10 13:23:39,823 [INFO] (nitrostack): Executing calculation: 12.5 add 3.5
2026-06-10 13:23:39,827 [INFO] (nitrostack): Executing calculation: 10.0 divide 0.0
2026-06-10 13:23:39,828 [INFO] (nitrostack): Converting temperature: 100.0 from celsius to fahrenheit
2026-06-10 13:24:09,252 [INFO] (nitrostack): Executing calculation: 12.5 add 3.5
2026-06-10 13:24:09,260 [INFO] (nitrostack): Executing calculation: 10.0 divide 0.0
2026-06-10 13:24:09,261 [INFO] (nitrostack): Converting temperature: 100.0 from celsius to fahrenheit
2026-06-10 13:24:35,992 [INFO] (nitrostack): Executing calculation: 12.5 add 3.5
2026-06-10 13:24:35,997 [INFO] (nitrostack): Executing calculation: 10.0 divide 0.0
2026-06-10 13:24:35,999 [INFO] (nitrostack): Converting temperature: 100.0 from celsius to fahrenheit
2026-06-10 13:25:00,299 [INFO] (nitrostack): Executing calculation: 12.5 add 3.5
2026-06-10 13:25:00,303 [INFO] (nitrostack): Executing calculation: 10.0 divide 0.0
2026-06-10 13:25:00,304 [INFO] (nitrostack): Converting temperature: 100.0 from celsius to fahrenheit
2026-06-10 13:25:32,026 [INFO] (nitrostack): Executing calculation: 12.5 add 3.5
2026-06-10 13:25:32,032 [INFO] (nitrostack): Executing calculation: 10.0 divide 0.0
2026-06-10 13:25:32,033 [INFO] (nitrostack): Converting temperature: 100.0 from celsius to fahrenheit
2026-06-10 13:35:53,144 [INFO] (nitrostack): Executing calculation: 12.5 add 3.5
2026-06-10 13:35:53,151 [INFO] (nitrostack): Executing calculation: 10.0 divide 0.0
2026-06-10 13:35:53,153 [INFO] (nitrostack): Converting temperature: 100.0 from celsius to fahrenheit
2026-06-10 13:36:34,272 [INFO] (nitrostack): Executing calculation: 12.5 add 3.5
2026-06-10 13:36:34,283 [INFO] (nitrostack): Executing calculation: 10.0 divide 0.0
2026-06-10 13:36:34,285 [INFO] (nitrostack): Converting temperature: 100.0 from celsius to fahrenheit
2026-06-10 14:33:53,465 [INFO] (nitrostack): Executing calculation: 10.0 divide 15.0
2026-06-10 14:34:00,907 [INFO] (nitrostack): Executing calculation: 10.0 add 15.0
2026-06-10 14:34:03,731 [INFO] (nitrostack): Executing calculation: 10.0 add 15.0
2026-06-10 14:37:22,534 [INFO] (nitrostack): Executing calculation: 12.5 add 3.5
2026-06-10 14:37:22,538 [INFO] (nitrostack): Executing calculation: 10.0 divide 0.0
2026-06-10 14:37:22,540 [INFO] (nitrostack): Converting temperature: 100.0 from celsius to fahrenheit
2026-06-10 14:41:33,833 [INFO] (nitrostack): Executing calculation: 10.0 add 20.0
2026-06-10 14:48:06,730 [INFO] (nitrostack): Executing calculation: 10.0 add 20.0
2026-06-10 14:52:34,751 [INFO] (nitrostack): Converting temperature: 35.0 from celsius to fahrenheit
2026-06-10 14:52:39,316 [INFO] (nitrostack): Converting temperature: 35.0 from celsius to celsius
2026-06-10 14:52:42,765 [INFO] (nitrostack): Converting temperature: 35.0 from celsius to kelvin
2026-06-10 15:07:19,747 [INFO] (nitrostack): Executing calculation: 12.5 add 3.5
2026-06-10 15:07:19,752 [INFO] (nitrostack): Executing calculation: 10.0 divide 0.0
2026-06-10 15:07:19,753 [INFO] (nitrostack): Converting temperature: 100.0 from celsius to fahrenheit
2026-06-10 15:20:07,388 [INFO] (nitrostack): Executing calculation: 12.5 add 3.5
2026-06-10 15:20:07,393 [INFO] (nitrostack): Executing calculation: 10.0 divide 0.0
2026-06-10 15:20:07,395 [INFO] (nitrostack): Converting temperature: 100.0 from celsius to fahrenheit
2026-06-10 15:39:46,729 [INFO] (nitrostack): Executing calculation: 12.5 add 3.5
2026-06-10 15:39:46,738 [INFO] (nitrostack): Executing calculation: 10.0 divide 0.0
2026-06-10 15:39:46,740 [INFO] (nitrostack): Converting temperature: 100.0 from celsius to fahrenheit
2026-06-10 15:45:21,942 [INFO] (nitrostack): Executing calculation: 12.5 add 3.5
2026-06-10 15:45:21,947 [INFO] (nitrostack): Executing calculation: 10.0 divide 0.0
2026-06-10 15:45:21,948 [INFO] (nitrostack): Converting temperature: 100.0 from celsius to fahrenheit
2026-06-12 11:55:23,249 [INFO] (nitrostack): Executing calculation: 12.5 add 3.5
2026-06-12 11:55:23,259 [INFO] (nitrostack): Executing calculation: 10.0 divide 0.0
2026-06-12 11:55:23,262 [INFO] (nitrostack): Converting temperature: 100.0 from celsius to fahrenheit
2026-06-12 13:05:52,734 [INFO] (nitrostack): Executing calculation: 12.5 add 3.5
2026-06-12 13:05:52,756 [INFO] (nitrostack): Executing calculation: 10.0 divide 0.0
2026-06-12 13:05:52,760 [INFO] (nitrostack): Converting temperature: 100.0 from celsius to fahrenheit
2026-06-12 13:32:04,654 [INFO] (nitrostack): Executing calculation: 10.0 add 20.0
2026-06-17 12:46:21,443 [INFO] (nitrostack): Executing calculation: 12.5 add 3.5
2026-06-17 12:46:21,452 [INFO] (nitrostack): Executing calculation: 10.0 divide 0.0
2026-06-17 12:46:21,454 [INFO] (nitrostack): Converting temperature: 100.0 from celsius to fahrenheit
2026-06-18 12:25:18,921 [INFO] (nitrostack): Executing calculation: 10.0 multiply 20.0
2026-06-18 12:25:24,581 [INFO] (nitrostack): Converting temperature: 35.0 from celsius to celsius
2026-06-18 12:25:28,765 [INFO] (nitrostack): Converting temperature: 35.0 from celsius to fahrenheit
2026-06-18 12:26:45,327 [INFO] (nitrostack): Converting temperature: 35.0 from celsius to kelvin
2026-06-18 13:27:32,721 [INFO] (nitrostack): Executing calculation: 12.5 add 3.5
2026-06-18 13:27:32,729 [INFO] (nitrostack): Executing calculation: 10.0 divide 0.0
2026-06-18 13:27:32,731 [INFO] (nitrostack): Converting temperature: 100.0 from celsius to fahrenheit
